2020-07-05T01:40:52+00:00 CRITICAL Uncaught Error: Call to a member function get_status() on null in /home/forge/lalabag.com/wp-content/plugins/Plugin_ePayco_WooCommerce-3.7.0/woocommerce-gateway-payco.php:675
Stack trace:
#0 /home/forge/lalabag.com/wp-includes/class-wp-hook.php(287): WC_ePayco->ePayco_successful_request()
#1 /home/forge/lalabag.com/wp-includes/class-wp-hook.php(311): WP_Hook->apply_filters()
#2 /home/forge/lalabag.com/wp-includes/plugin.php(478): WP_Hook->do_action()
#3 /home/forge/lalabag.com/wp-content/plugins/Plugin_ePayco_WooCommerce-3.7.0/woocommerce-gateway-payco.php(619): do_action()
#4 /home/forge/lalabag.com/wp-includes/class-wp-hook.php(287): WC_ePayco->check_ePayco_response()
#5 /home/forge/lalabag.com/wp-includes/class-wp-hook.php(311): WP_Hook->apply_filters()
#6 /home/forge/lalabag.com/wp-includes/plugin.php(478): WP_Hook->do_action()
#7 /home/forge/lalabag.com/wp-content/plugins/woocommerce/includes/class-wc-api.php(148): do_action()
#8 /home/forge/lalabag.com/wp-includes/class-wp-hook.php(287): WC_API->handle_ en /home/forge/lalabag.com/wp-content/plugins/Plugin_ePayco_WooCommerce-3.7.0/woocommerce-gateway-payco.php en la línea 675

2020-07-05T01:40:53+00:00 CRITICAL Uncaught Error: Call to a member function get_status() on null in /home/forge/lalabag.com/wp-content/plugins/Plugin_ePayco_WooCommerce-3.7.0/woocommerce-gateway-payco.php:675
Stack trace:
#0 /home/forge/lalabag.com/wp-includes/class-wp-hook.php(287): WC_ePayco->ePayco_successful_request()
#1 /home/forge/lalabag.com/wp-includes/class-wp-hook.php(311): WP_Hook->apply_filters()
#2 /home/forge/lalabag.com/wp-includes/plugin.php(478): WP_Hook->do_action()
#3 /home/forge/lalabag.com/wp-content/plugins/Plugin_ePayco_WooCommerce-3.7.0/woocommerce-gateway-payco.php(619): do_action()
#4 /home/forge/lalabag.com/wp-includes/class-wp-hook.php(287): WC_ePayco->check_ePayco_response()
#5 /home/forge/lalabag.com/wp-includes/class-wp-hook.php(311): WP_Hook->apply_filters()
#6 /home/forge/lalabag.com/wp-includes/plugin.php(478): WP_Hook->do_action()
#7 /home/forge/lalabag.com/wp-content/plugins/woocommerce/includes/class-wc-api.php(148): do_action()
#8 /home/forge/lalabag.com/wp-includes/class-wp-hook.php(287): WC_API->handle_ en /home/forge/lalabag.com/wp-content/plugins/Plugin_ePayco_WooCommerce-3.7.0/woocommerce-gateway-payco.php en la línea 675

2020-07-05T01:41:11+00:00 CRITICAL Uncaught Error: Call to a member function get_status() on null in /home/forge/lalabag.com/wp-content/plugins/Plugin_ePayco_WooCommerce-3.7.0/woocommerce-gateway-payco.php:675
Stack trace:
#0 /home/forge/lalabag.com/wp-includes/class-wp-hook.php(287): WC_ePayco->ePayco_successful_request()
#1 /home/forge/lalabag.com/wp-includes/class-wp-hook.php(311): WP_Hook->apply_filters()
#2 /home/forge/lalabag.com/wp-includes/plugin.php(478): WP_Hook->do_action()
#3 /home/forge/lalabag.com/wp-content/plugins/Plugin_ePayco_WooCommerce-3.7.0/woocommerce-gateway-payco.php(619): do_action()
#4 /home/forge/lalabag.com/wp-includes/class-wp-hook.php(287): WC_ePayco->check_ePayco_response()
#5 /home/forge/lalabag.com/wp-includes/class-wp-hook.php(311): WP_Hook->apply_filters()
#6 /home/forge/lalabag.com/wp-includes/plugin.php(478): WP_Hook->do_action()
#7 /home/forge/lalabag.com/wp-content/plugins/woocommerce/includes/class-wc-api.php(148): do_action()
#8 /home/forge/lalabag.com/wp-includes/class-wp-hook.php(287): WC_API->handle_ en /home/forge/lalabag.com/wp-content/plugins/Plugin_ePayco_WooCommerce-3.7.0/woocommerce-gateway-payco.php en la línea 675

2020-07-05T01:41:14+00:00 CRITICAL Uncaught Error: Call to a member function get_status() on null in /home/forge/lalabag.com/wp-content/plugins/Plugin_ePayco_WooCommerce-3.7.0/woocommerce-gateway-payco.php:675
Stack trace:
#0 /home/forge/lalabag.com/wp-includes/class-wp-hook.php(287): WC_ePayco->ePayco_successful_request()
#1 /home/forge/lalabag.com/wp-includes/class-wp-hook.php(311): WP_Hook->apply_filters()
#2 /home/forge/lalabag.com/wp-includes/plugin.php(478): WP_Hook->do_action()
#3 /home/forge/lalabag.com/wp-content/plugins/Plugin_ePayco_WooCommerce-3.7.0/woocommerce-gateway-payco.php(619): do_action()
#4 /home/forge/lalabag.com/wp-includes/class-wp-hook.php(287): WC_ePayco->check_ePayco_response()
#5 /home/forge/lalabag.com/wp-includes/class-wp-hook.php(311): WP_Hook->apply_filters()
#6 /home/forge/lalabag.com/wp-includes/plugin.php(478): WP_Hook->do_action()
#7 /home/forge/lalabag.com/wp-content/plugins/woocommerce/includes/class-wc-api.php(148): do_action()
#8 /home/forge/lalabag.com/wp-includes/class-wp-hook.php(287): WC_API->handle_ en /home/forge/lalabag.com/wp-content/plugins/Plugin_ePayco_WooCommerce-3.7.0/woocommerce-gateway-payco.php en la línea 675

2020-07-05T01:41:28+00:00 CRITICAL Uncaught Error: Call to a member function get_status() on null in /home/forge/lalabag.com/wp-content/plugins/Plugin_ePayco_WooCommerce-3.7.0/woocommerce-gateway-payco.php:675
Stack trace:
#0 /home/forge/lalabag.com/wp-includes/class-wp-hook.php(287): WC_ePayco->ePayco_successful_request()
#1 /home/forge/lalabag.com/wp-includes/class-wp-hook.php(311): WP_Hook->apply_filters()
#2 /home/forge/lalabag.com/wp-includes/plugin.php(478): WP_Hook->do_action()
#3 /home/forge/lalabag.com/wp-content/plugins/Plugin_ePayco_WooCommerce-3.7.0/woocommerce-gateway-payco.php(619): do_action()
#4 /home/forge/lalabag.com/wp-includes/class-wp-hook.php(287): WC_ePayco->check_ePayco_response()
#5 /home/forge/lalabag.com/wp-includes/class-wp-hook.php(311): WP_Hook->apply_filters()
#6 /home/forge/lalabag.com/wp-includes/plugin.php(478): WP_Hook->do_action()
#7 /home/forge/lalabag.com/wp-content/plugins/woocommerce/includes/class-wc-api.php(148): do_action()
#8 /home/forge/lalabag.com/wp-includes/class-wp-hook.php(287): WC_API->handle_ en /home/forge/lalabag.com/wp-content/plugins/Plugin_ePayco_WooCommerce-3.7.0/woocommerce-gateway-payco.php en la línea 675

2020-07-05T01:41:29+00:00 CRITICAL Uncaught Error: Call to a member function get_status() on null in /home/forge/lalabag.com/wp-content/plugins/Plugin_ePayco_WooCommerce-3.7.0/woocommerce-gateway-payco.php:675
Stack trace:
#0 /home/forge/lalabag.com/wp-includes/class-wp-hook.php(287): WC_ePayco->ePayco_successful_request()
#1 /home/forge/lalabag.com/wp-includes/class-wp-hook.php(311): WP_Hook->apply_filters()
#2 /home/forge/lalabag.com/wp-includes/plugin.php(478): WP_Hook->do_action()
#3 /home/forge/lalabag.com/wp-content/plugins/Plugin_ePayco_WooCommerce-3.7.0/woocommerce-gateway-payco.php(619): do_action()
#4 /home/forge/lalabag.com/wp-includes/class-wp-hook.php(287): WC_ePayco->check_ePayco_response()
#5 /home/forge/lalabag.com/wp-includes/class-wp-hook.php(311): WP_Hook->apply_filters()
#6 /home/forge/lalabag.com/wp-includes/plugin.php(478): WP_Hook->do_action()
#7 /home/forge/lalabag.com/wp-content/plugins/woocommerce/includes/class-wc-api.php(148): do_action()
#8 /home/forge/lalabag.com/wp-includes/class-wp-hook.php(287): WC_API->handle_ en /home/forge/lalabag.com/wp-content/plugins/Plugin_ePayco_WooCommerce-3.7.0/woocommerce-gateway-payco.php en la línea 675

2020-07-05T01:41:30+00:00 CRITICAL Uncaught Error: Call to a member function get_status() on null in /home/forge/lalabag.com/wp-content/plugins/Plugin_ePayco_WooCommerce-3.7.0/woocommerce-gateway-payco.php:675
Stack trace:
#0 /home/forge/lalabag.com/wp-includes/class-wp-hook.php(287): WC_ePayco->ePayco_successful_request()
#1 /home/forge/lalabag.com/wp-includes/class-wp-hook.php(311): WP_Hook->apply_filters()
#2 /home/forge/lalabag.com/wp-includes/plugin.php(478): WP_Hook->do_action()
#3 /home/forge/lalabag.com/wp-content/plugins/Plugin_ePayco_WooCommerce-3.7.0/woocommerce-gateway-payco.php(619): do_action()
#4 /home/forge/lalabag.com/wp-includes/class-wp-hook.php(287): WC_ePayco->check_ePayco_response()
#5 /home/forge/lalabag.com/wp-includes/class-wp-hook.php(311): WP_Hook->apply_filters()
#6 /home/forge/lalabag.com/wp-includes/plugin.php(478): WP_Hook->do_action()
#7 /home/forge/lalabag.com/wp-content/plugins/woocommerce/includes/class-wc-api.php(148): do_action()
#8 /home/forge/lalabag.com/wp-includes/class-wp-hook.php(287): WC_API->handle_ en /home/forge/lalabag.com/wp-content/plugins/Plugin_ePayco_WooCommerce-3.7.0/woocommerce-gateway-payco.php en la línea 675

