2020-06-24T01:52:21+00:00 CRITICAL Uncaught Error: Call to a member function get_status() on null in /home/forge/lalabag.com/wp-content/plugins/Plugin_ePayco_WooCommerce-3.7.0/woocommerce-gateway-payco.php:675
Stack trace:
#0 /home/forge/lalabag.com/wp-includes/class-wp-hook.php(287): WC_ePayco->ePayco_successful_request()
#1 /home/forge/lalabag.com/wp-includes/class-wp-hook.php(311): WP_Hook->apply_filters()
#2 /home/forge/lalabag.com/wp-includes/plugin.php(478): WP_Hook->do_action()
#3 /home/forge/lalabag.com/wp-content/plugins/Plugin_ePayco_WooCommerce-3.7.0/woocommerce-gateway-payco.php(619): do_action()
#4 /home/forge/lalabag.com/wp-includes/class-wp-hook.php(287): WC_ePayco->check_ePayco_response()
#5 /home/forge/lalabag.com/wp-includes/class-wp-hook.php(311): WP_Hook->apply_filters()
#6 /home/forge/lalabag.com/wp-includes/plugin.php(478): WP_Hook->do_action()
#7 /home/forge/lalabag.com/wp-content/plugins/woocommerce/includes/class-wc-api.php(148): do_action()
#8 /home/forge/lalabag.com/wp-includes/class-wp-hook.php(287): WC_API->handle_ en /home/forge/lalabag.com/wp-content/plugins/Plugin_ePayco_WooCommerce-3.7.0/woocommerce-gateway-payco.php en la línea 675

2020-06-24T07:25:41+00:00 CRITICAL Uncaught Error: Call to a member function get_status() on null in /home/forge/lalabag.com/wp-content/plugins/Plugin_ePayco_WooCommerce-3.7.0/woocommerce-gateway-payco.php:675
Stack trace:
#0 /home/forge/lalabag.com/wp-includes/class-wp-hook.php(287): WC_ePayco->ePayco_successful_request()
#1 /home/forge/lalabag.com/wp-includes/class-wp-hook.php(311): WP_Hook->apply_filters()
#2 /home/forge/lalabag.com/wp-includes/plugin.php(478): WP_Hook->do_action()
#3 /home/forge/lalabag.com/wp-content/plugins/Plugin_ePayco_WooCommerce-3.7.0/woocommerce-gateway-payco.php(619): do_action()
#4 /home/forge/lalabag.com/wp-includes/class-wp-hook.php(287): WC_ePayco->check_ePayco_response()
#5 /home/forge/lalabag.com/wp-includes/class-wp-hook.php(311): WP_Hook->apply_filters()
#6 /home/forge/lalabag.com/wp-includes/plugin.php(478): WP_Hook->do_action()
#7 /home/forge/lalabag.com/wp-content/plugins/woocommerce/includes/class-wc-api.php(148): do_action()
#8 /home/forge/lalabag.com/wp-includes/class-wp-hook.php(287): WC_API->handle_ en /home/forge/lalabag.com/wp-content/plugins/Plugin_ePayco_WooCommerce-3.7.0/woocommerce-gateway-payco.php en la línea 675

2020-06-24T07:25:42+00:00 CRITICAL Uncaught Error: Call to a member function get_status() on null in /home/forge/lalabag.com/wp-content/plugins/Plugin_ePayco_WooCommerce-3.7.0/woocommerce-gateway-payco.php:675
Stack trace:
#0 /home/forge/lalabag.com/wp-includes/class-wp-hook.php(287): WC_ePayco->ePayco_successful_request()
#1 /home/forge/lalabag.com/wp-includes/class-wp-hook.php(311): WP_Hook->apply_filters()
#2 /home/forge/lalabag.com/wp-includes/plugin.php(478): WP_Hook->do_action()
#3 /home/forge/lalabag.com/wp-content/plugins/Plugin_ePayco_WooCommerce-3.7.0/woocommerce-gateway-payco.php(619): do_action()
#4 /home/forge/lalabag.com/wp-includes/class-wp-hook.php(287): WC_ePayco->check_ePayco_response()
#5 /home/forge/lalabag.com/wp-includes/class-wp-hook.php(311): WP_Hook->apply_filters()
#6 /home/forge/lalabag.com/wp-includes/plugin.php(478): WP_Hook->do_action()
#7 /home/forge/lalabag.com/wp-content/plugins/woocommerce/includes/class-wc-api.php(148): do_action()
#8 /home/forge/lalabag.com/wp-includes/class-wp-hook.php(287): WC_API->handle_ en /home/forge/lalabag.com/wp-content/plugins/Plugin_ePayco_WooCommerce-3.7.0/woocommerce-gateway-payco.php en la línea 675

2020-06-24T16:11:50+00:00 CRITICAL Uncaught Error: Call to a member function get_status() on null in /home/forge/lalabag.com/wp-content/plugins/Plugin_ePayco_WooCommerce-3.7.0/woocommerce-gateway-payco.php:675
Stack trace:
#0 /home/forge/lalabag.com/wp-includes/class-wp-hook.php(287): WC_ePayco->ePayco_successful_request()
#1 /home/forge/lalabag.com/wp-includes/class-wp-hook.php(311): WP_Hook->apply_filters()
#2 /home/forge/lalabag.com/wp-includes/plugin.php(478): WP_Hook->do_action()
#3 /home/forge/lalabag.com/wp-content/plugins/Plugin_ePayco_WooCommerce-3.7.0/woocommerce-gateway-payco.php(619): do_action()
#4 /home/forge/lalabag.com/wp-includes/class-wp-hook.php(287): WC_ePayco->check_ePayco_response()
#5 /home/forge/lalabag.com/wp-includes/class-wp-hook.php(311): WP_Hook->apply_filters()
#6 /home/forge/lalabag.com/wp-includes/plugin.php(478): WP_Hook->do_action()
#7 /home/forge/lalabag.com/wp-content/plugins/woocommerce/includes/class-wc-api.php(148): do_action()
#8 /home/forge/lalabag.com/wp-includes/class-wp-hook.php(287): WC_API->handle_ en /home/forge/lalabag.com/wp-content/plugins/Plugin_ePayco_WooCommerce-3.7.0/woocommerce-gateway-payco.php en la línea 675

2020-06-24T21:03:44+00:00 CRITICAL Uncaught Exception: Pedido no válido. in /home/forge/lalabag.com/wp-content/plugins/woocommerce/includes/data-stores/abstract-wc-order-data-store-cpt.php:103
Stack trace:
#0 /home/forge/lalabag.com/wp-content/plugins/woocommerce/includes/class-wc-data-store.php(159): Abstract_WC_Order_Data_Store_CPT->read()
#1 /home/forge/lalabag.com/wp-content/plugins/woocommerce/includes/abstracts/abstract-wc-order.php(112): WC_Data_Store->read()
#2 /home/forge/lalabag.com/wp-content/plugins/Plugin_ePayco_WooCommerce-3.7.0/woocommerce-gateway-payco.php(662): WC_Abstract_Order->__construct()
#3 /home/forge/lalabag.com/wp-includes/class-wp-hook.php(287): WC_ePayco->ePayco_successful_request()
#4 /home/forge/lalabag.com/wp-includes/class-wp-hook.php(311): WP_Hook->apply_filters()
#5 /home/forge/lalabag.com/wp-includes/plugin.php(478): WP_Hook->do_action()
#6 /home/forge/lalabag.com/wp-content/plugins/Plugin_ePayco_WooCommerce-3.7.0/woocommerce-gateway-payco.php(619): do_action()
#7 /home/forge/lalabag.com/wp-includes/class-wp en /home/forge/lalabag.com/wp-content/plugins/woocommerce/includes/data-stores/abstract-wc-order-data-store-cpt.php en la línea 103

