2020-07-09T06:02:13+00:00 NOTICE Warning: No saved export fields were returned for Export Type 'order' from the Export Template with Post ID #5804, defaulting to all export fields.
2020-07-09T06:02:27+00:00 NOTICE order_completed_data_lalabag-date%.xml: Success: Scheduled export e-mail of order_completed_data_lalabag-date%.xml sent to jjllorente@bmotion.co
2020-07-09T21:29:18+00:00 NOTICE Warning: No saved export fields were returned for Export Type 'order' from the Export Template with Post ID #5804, defaulting to all export fields.
2020-07-09T21:29:34+00:00 NOTICE order_completed_data_lalabag-date%.xml: Success: Scheduled export e-mail of order_completed_data_lalabag-date%.xml sent to jjllorente@bmotion.co
2020-07-09T21:31:55+00:00 NOTICE Warning: No saved export fields were returned for Export Type 'order' from the Export Template with Post ID #6312, defaulting to all export fields.
2020-07-09T21:31:59+00:00 NOTICE order_completed_data_lalabag-date%.xml: Success: Scheduled export e-mail of order_completed_data_lalabag-date%.xml sent to developer@bmotion.co
2020-07-09T21:42:16+00:00 NOTICE Warning: No saved export fields were returned for Export Type 'order' from the Export Template with Post ID #6312, defaulting to all export fields.
2020-07-09T21:42:21+00:00 NOTICE order_completed_data_lalabag-date%.xml: Success: Scheduled export e-mail of order_completed_data_lalabag-date%.xml sent to developer@bmotion.co
2020-07-09T21:47:14+00:00 NOTICE Warning: No saved export fields were returned for Export Type 'order' from the Export Template with Post ID #6312, defaulting to all export fields.
2020-07-09T21:47:18+00:00 NOTICE order_completed_data_lalabag-date%.xml: Success: Scheduled export e-mail of order_completed_data_lalabag-date%.xml sent to developer@bmotion.co
2020-07-09T21:52:15+00:00 NOTICE Warning: No saved export fields were returned for Export Type 'order' from the Export Template with Post ID #6312, defaulting to all export fields.
2020-07-09T21:52:19+00:00 NOTICE order_completed_data_lalabag-date%.xml: Success: Scheduled export e-mail of order_completed_data_lalabag-date%.xml sent to developer@bmotion.co
2020-07-09T21:57:22+00:00 NOTICE Warning: No saved export fields were returned for Export Type 'order' from the Export Template with Post ID #6312, defaulting to all export fields.
2020-07-09T21:57:26+00:00 NOTICE order_completed_data_lalabag-date%.xml: Success: Scheduled export e-mail of order_completed_data_lalabag-date%.xml sent to developer@bmotion.co
2020-07-09T22:02:21+00:00 NOTICE Warning: No saved export fields were returned for Export Type 'order' from the Export Template with Post ID #6312, defaulting to all export fields.
2020-07-09T22:02:26+00:00 NOTICE order_completed_data_lalabag-date%.xml: Success: Scheduled export e-mail of order_completed_data_lalabag-date%.xml sent to developer@bmotion.co
2020-07-09T22:07:17+00:00 NOTICE Warning: No saved export fields were returned for Export Type 'order' from the Export Template with Post ID #6312, defaulting to all export fields.
2020-07-09T22:07:21+00:00 NOTICE order_completed_data_lalabag-date%.xml: Success: Scheduled export e-mail of order_completed_data_lalabag-date%.xml sent to developer@bmotion.co
2020-07-09T22:12:27+00:00 NOTICE Warning: No saved export fields were returned for Export Type 'order' from the Export Template with Post ID #6312, defaulting to all export fields.
2020-07-09T22:12:32+00:00 NOTICE order_completed_data_lalabag-date%.xml: Success: Scheduled export e-mail of order_completed_data_lalabag-date%.xml sent to developer@bmotion.co
2020-07-09T22:17:27+00:00 NOTICE Warning: No saved export fields were returned for Export Type 'order' from the Export Template with Post ID #6312, defaulting to all export fields.
2020-07-09T22:17:31+00:00 NOTICE order_completed_data_lalabag-date%.xml: Success: Scheduled export e-mail of order_completed_data_lalabag-date%.xml sent to developer@bmotion.co
2020-07-09T22:22:17+00:00 NOTICE Warning: No saved export fields were returned for Export Type 'order' from the Export Template with Post ID #6312, defaulting to all export fields.
2020-07-09T22:22:21+00:00 NOTICE order_completed_data_lalabag-date%.xml: Success: Scheduled export e-mail of order_completed_data_lalabag-date%.xml sent to developer@bmotion.co
2020-07-09T22:27:18+00:00 NOTICE Warning: No saved export fields were returned for Export Type 'order' from the Export Template with Post ID #6312, defaulting to all export fields.
2020-07-09T22:27:22+00:00 NOTICE order_completed_data_lalabag-date%.xml: Success: Scheduled export e-mail of order_completed_data_lalabag-date%.xml sent to developer@bmotion.co
2020-07-09T22:32:24+00:00 NOTICE Warning: No saved export fields were returned for Export Type 'order' from the Export Template with Post ID #6312, defaulting to all export fields.
2020-07-09T22:32:28+00:00 NOTICE order_completed_data_lalabag-date%.xml: Success: Scheduled export e-mail of order_completed_data_lalabag-date%.xml sent to developer@bmotion.co
2020-07-09T22:37:15+00:00 NOTICE Warning: No saved export fields were returned for Export Type 'order' from the Export Template with Post ID #6312, defaulting to all export fields.
2020-07-09T22:37:19+00:00 NOTICE order_completed_data_lalabag-date%.xml: Success: Scheduled export e-mail of order_completed_data_lalabag-date%.xml sent to developer@bmotion.co
2020-07-09T22:39:11+00:00 NOTICE Warning: No saved export fields were returned for Export Type 'order' from the Export Template with Post ID #5804, defaulting to all export fields.
2020-07-09T22:39:27+00:00 NOTICE order_completed_data_lalabag-date%.xml: Success: Scheduled export e-mail of order_completed_data_lalabag-date%.xml sent to developer@bmotion.co
2020-07-09T22:42:29+00:00 NOTICE Warning: No saved export fields were returned for Export Type 'order' from the Export Template with Post ID #6312, defaulting to all export fields.
2020-07-09T22:42:34+00:00 NOTICE order_completed_data_lalabag-date%.xml: Success: Scheduled export e-mail of order_completed_data_lalabag-date%.xml sent to developer@bmotion.co
2020-07-09T22:45:04+00:00 NOTICE Warning: No saved export fields were returned for Export Type 'order' from the Export Template with Post ID #5804, defaulting to all export fields.
2020-07-09T22:45:29+00:00 NOTICE order_completed_data_lalabag-date%.xlsx: Success: Scheduled export e-mail of order_completed_data_lalabag-date%.xlsx sent to developer@bmotion.co
2020-07-09T22:47:20+00:00 NOTICE Warning: No saved export fields were returned for Export Type 'order' from the Export Template with Post ID #6312, defaulting to all export fields.
2020-07-09T22:47:24+00:00 NOTICE order_completed_data_lalabag-date%.xml: Success: Scheduled export e-mail of order_completed_data_lalabag-date%.xml sent to developer@bmotion.co
2020-07-09T22:52:26+00:00 NOTICE Warning: No saved export fields were returned for Export Type 'order' from the Export Template with Post ID #6312, defaulting to all export fields.
2020-07-09T22:52:30+00:00 NOTICE order_completed_data_lalabag-date%.xml: Success: Scheduled export e-mail of order_completed_data_lalabag-date%.xml sent to developer@bmotion.co
2020-07-09T22:57:22+00:00 NOTICE Warning: No saved export fields were returned for Export Type 'order' from the Export Template with Post ID #6312, defaulting to all export fields.
2020-07-09T22:57:26+00:00 NOTICE order_completed_data_lalabag-date%.xml: Success: Scheduled export e-mail of order_completed_data_lalabag-date%.xml sent to developer@bmotion.co
2020-07-09T23:02:17+00:00 NOTICE Warning: No saved export fields were returned for Export Type 'order' from the Export Template with Post ID #6312, defaulting to all export fields.
2020-07-09T23:02:21+00:00 NOTICE order_completed_data_lalabag-date%.xml: Success: Scheduled export e-mail of order_completed_data_lalabag-date%.xml sent to developer@bmotion.co
2020-07-09T23:07:14+00:00 NOTICE Warning: No saved export fields were returned for Export Type 'order' from the Export Template with Post ID #6312, defaulting to all export fields.
2020-07-09T23:07:19+00:00 NOTICE order_completed_data_lalabag-date%.xml: Success: Scheduled export e-mail of order_completed_data_lalabag-date%.xml sent to developer@bmotion.co
2020-07-09T23:08:08+00:00 NOTICE Warning: No saved export fields were returned for Export Type 'order' from the Export Template with Post ID #6318, defaulting to all export fields.
2020-07-09T23:08:13+00:00 NOTICE order_completed_data_lalabag-date%.xlsx: Success: Scheduled export e-mail of order_completed_data_lalabag-date%.xlsx sent to developer@bmotion.co
2020-07-09T23:12:19+00:00 NOTICE Warning: No saved export fields were returned for Export Type 'order' from the Export Template with Post ID #6312, defaulting to all export fields.
2020-07-09T23:12:23+00:00 NOTICE order_completed_data_lalabag-date%.xml: Success: Scheduled export e-mail of order_completed_data_lalabag-date%.xml sent to developer@bmotion.co
2020-07-09T23:17:23+00:00 NOTICE Warning: No saved export fields were returned for Export Type 'order' from the Export Template with Post ID #6312, defaulting to all export fields.
2020-07-09T23:17:28+00:00 NOTICE order_completed_data_lalabag-date%.xml: Success: Scheduled export e-mail of order_completed_data_lalabag-date%.xml sent to developer@bmotion.co
2020-07-09T23:19:00+00:00 NOTICE Warning: No saved export fields were returned for Export Type 'order' from the Export Template with Post ID #6318, defaulting to all export fields.
2020-07-09T23:19:05+00:00 NOTICE order_completed_data_lalabag-date%.xlsx: Success: Scheduled export e-mail of order_completed_data_lalabag-date%.xlsx sent to jjllorente@bmotion.co
